<?xml version="1.0" encoding="UTF-8"?>
<testng-results skipped="0" failed="1" total="3" passed="2">
  <reporter-output>
  </reporter-output>
  <suite name="Suite" duration-ms="19975" started-at="2018-07-25T06:42:42Z" finished-at="2018-07-25T06:43:02Z">
    <groups>
    </groups>
    <test name="Test" duration-ms="721" started-at="2018-07-25T06:42:42Z" finished-at="2018-07-25T06:42:43Z">
      <class name="pom.accenture.utilities.LoginTest">
        <test-method status="FAIL" signature="LoginInvalied()[pri:0, instance:pom.accenture.utilities.LoginTest@100fc185]" name="LoginInvalied" duration-ms="40" started-at="2018-07-25T12:12:43Z" finished-at="2018-07-25T12:12:43Z">
          <exception class="junit.framework.ComparisonFailure">
            <message>
              <![CDATA[expected:<Test[]> but was:<Test[12]>]]>
            </message>
            <full-stacktrace>
              <![CDATA[junit.framework.ComparisonFailure: expected:<Test[]> but was:<Test[12]>
	at junit.framework.Assert.assertEquals(Assert.java:85)
	at junit.framework.Assert.assertEquals(Assert.java:91)
	at pom.accenture.utilities.LoginTest.LoginInvalied(LoginTest.java:18)
	at sun.reflect.NativeMethodAccessorImpl.invoke0(Native Method)
	at sun.reflect.NativeMethodAccessorImpl.invoke(Unknown Source)
	at sun.reflect.DelegatingMethodAccessorImpl.invoke(Unknown Source)
	at java.lang.reflect.Method.invoke(Unknown Source)
	at org.testng.internal.MethodInvocationHelper.invokeMethod(MethodInvocationHelper.java:80)
	at org.testng.internal.Invoker.invokeMethod(Invoker.java:714)
	at org.testng.internal.Invoker.invokeTestMethod(Invoker.java:901)
	at org.testng.internal.Invoker.invokeTestMethods(Invoker.java:1231)
	at org.testng.internal.TestMethodWorker.invokeTestMethods(TestMethodWorker.java:127)
	at org.testng.internal.TestMethodWorker.run(TestMethodWorker.java:111)
	at org.testng.TestRunner.privateRun(TestRunner.java:767)
	at org.testng.TestRunner.run(TestRunner.java:617)
	at org.testng.SuiteRunner.runTest(SuiteRunner.java:334)
	at org.testng.SuiteRunner.runSequentially(SuiteRunner.java:329)
	at org.testng.SuiteRunner.privateRun(SuiteRunner.java:291)
	at org.testng.SuiteRunner.run(SuiteRunner.java:240)
	at org.testng.SuiteRunnerWorker.runSuite(SuiteRunnerWorker.java:52)
	at org.testng.SuiteRunnerWorker.run(SuiteRunnerWorker.java:86)
	at org.testng.TestNG.runSuitesSequentially(TestNG.java:1198)
	at org.testng.TestNG.runSuitesLocally(TestNG.java:1123)
	at org.testng.TestNG.run(TestNG.java:1031)
	at org.testng.remote.AbstractRemoteTestNG.run(AbstractRemoteTestNG.java:114)
	at org.testng.remote.RemoteTestNG.initAndRun(RemoteTestNG.java:251)
	at org.testng.remote.RemoteTestNG.main(RemoteTestNG.java:77)
]]>
            </full-stacktrace>
          </exception> <!-- junit.framework.ComparisonFailure -->
          <reporter-output>
          </reporter-output>
        </test-method> <!-- LoginInvalied -->
        <test-method status="PASS" signature="LoginValid()[pri:0, instance:pom.accenture.utilities.LoginTest@100fc185]" name="LoginValid" duration-ms="3" started-at="2018-07-25T12:12:43Z" finished-at="2018-07-25T12:12:43Z">
          <reporter-output>
          </reporter-output>
        </test-method> <!-- LoginValid -->
      </class> <!-- pom.accenture.utilities.LoginTest -->
    </test> <!-- Test -->
    <test name="Test2" duration-ms="18521" started-at="2018-07-25T06:42:43Z" finished-at="2018-07-25T06:43:02Z">
      <class name="pom.accenture.test.RegistrationTest">
        <test-method status="PASS" signature="beforeTest()[pri:0, instance:pom.accenture.test.RegistrationTest@3ffc5af1]" name="beforeTest" is-config="true" duration-ms="9099" started-at="2018-07-25T12:12:43Z" finished-at="2018-07-25T12:12:52Z">
          <reporter-output>
          </reporter-output>
        </test-method> <!-- beforeTest -->
        <test-method status="PASS" signature="TestRegistration()[pri:0, instance:pom.accenture.test.RegistrationTest@3ffc5af1]" name="TestRegistration" duration-ms="9401" started-at="2018-07-25T12:12:52Z" finished-at="2018-07-25T12:13:02Z">
          <reporter-output>
          </reporter-output>
        </test-method> <!-- TestRegistration -->
      </class> <!-- pom.accenture.test.RegistrationTest -->
    </test> <!-- Test2 -->
  </suite> <!-- Suite -->
</testng-results>
