<?xml version="1.0" encoding="UTF-8"?>
<!-- Generated by org.testng.reporters.JUnitXMLReporter -->
<testsuite hostname="P4A-508SD6V" name="Test" tests="2" failures="1" timestamp="25 Jul 2018 06:42:43 GMT" time="0.721" errors="0">
  <testcase name="LoginInvalied" time="0.04" classname="pom.accenture.utilities.LoginTest">
    <failure type="junit.framework.ComparisonFailure" message="expected:&amp;lt;Test[]&amp;gt; but was:&amp;lt;Test[12]&amp;gt;">
      <![CDATA[junit.framework.ComparisonFailure: expected:<Test[]> but was:<Test[12]>
	at junit.framework.Assert.assertEquals(Assert.java:85)
	at junit.framework.Assert.assertEquals(Assert.java:91)
	at pom.accenture.utilities.LoginTest.LoginInvalied(LoginTest.java:18)
... Removed 24 stack frames]]>
    </failure>
  </testcase> <!-- LoginInvalied -->
  <testcase name="LoginValid" time="0.003" classname="pom.accenture.utilities.LoginTest"/>
</testsuite> <!-- Test -->
